<?xml version="1.0" encoding="UTF-8"?>
<!-- Generated by org.testng.reporters.JUnitReportReporter -->
<testsuite hostname="LAPTOP-LC3H17N7" failures="0" tests="3" name="com.crm.qa.testcases.HomePageTest" time="41.195" errors="0" timestamp="2023-02-16T02:49:41 EST" skipped="0">
  <testcase classname="com.crm.qa.testcases.HomePageTest" name="verifyHomePageTitleTest" time="14.598"/>
  <system-out/>
  <testcase classname="com.crm.qa.testcases.HomePageTest" name="verifyUserNameTest" time="12.256"/>
  <system-out/>
  <testcase classname="com.crm.qa.testcases.HomePageTest" name="verifyContactsLinkTest" time="14.341"/>
  <system-out/>
</testsuite> <!-- com.crm.qa.testcases.HomePageTest -->
