<?xml version="1.0" encoding="UTF-8"?>
<!-- Generated by org.testng.reporters.JUnitReportReporter -->
<testsuite hostname="LAPTOP-LC3H17N7" failures="0" tests="3" name="com.crm.qa.testcases.HomePageTest" time="33.373" errors="0" timestamp="2023-02-10T12:44:46 EST" skipped="0">
  <testcase classname="com.crm.qa.testcases.HomePageTest" name="verifyHomePageTitleTest" time="10.611"/>
  <system-out/>
  <testcase classname="com.crm.qa.testcases.HomePageTest" name="verifyUserNameTest" time="11.081"/>
  <system-out/>
  <testcase classname="com.crm.qa.testcases.HomePageTest" name="verifyContactsLinkTest" time="11.681"/>
  <system-out/>
</testsuite> <!-- com.crm.qa.testcases.HomePageTest -->
