<?xml version="1.0" encoding="UTF-8"?>
<!-- Generated by org.testng.reporters.JUnitReportReporter -->
<testsuite hostname="LAPTOP-LC3H17N7" failures="0" tests="3" name="com.crm.qa.testcases.LoginPageTest" time="31.266" errors="0" timestamp="2023-02-10T13:12:12 EST" skipped="0">
  <testcase classname="com.crm.qa.testcases.LoginPageTest" name="loginPageTitleTest" time="7.779"/>
  <system-out/>
  <testcase classname="com.crm.qa.testcases.LoginPageTest" name="crmLogoImageTest" time="7.424"/>
  <system-out/>
  <testcase classname="com.crm.qa.testcases.LoginPageTest" name="loginTest" time="16.063"/>
  <system-out/>
</testsuite> <!-- com.crm.qa.testcases.LoginPageTest -->
